Arguments: 
  /home/soumyarp/.nvm/versions/node/v19.8.1/bin/node /home/soumyarp/.nvm/versions/node/v19.8.1/bin/yarn lerna bootstrap --scope @nonstop/backend

PATH: 
  /home/soumyarp/Applications/android-studio/bin:/home/soumyarp/.miniconda3/bin:/home/soumyarp/.local/bin:/home/soumyarp/.local/share/neovim/bin:/usr/local/.cargo/bin:/home/soumyarp/.cargo/bin:/home/soumyarp/.nvm/versions/node/v19.8.1/bin:/usr/local/sbin:/usr/local/bin:/usr/sbin:/usr/bin:/sbin:/bin:/usr/games:/usr/local/games:/snap/bin:/snap/bin:/home/soumyarp/.local/share/nvim/mason/bin

Yarn version: 
  1.22.19

Node version: 
  19.8.1

Platform: 
  linux x64

Trace: 
  SyntaxError: /home/soumyarp/git/NonStop/package.json: Unexpected token ']', ..."ckend",
    ],
    "devD"... is not valid JSON
      at JSON.parse (<anonymous>)
      at /home/soumyarp/.nvm/versions/node/v19.8.1/lib/node_modules/yarn/lib/cli.js:1629:59
      at Generator.next (<anonymous>)
      at step (/home/soumyarp/.nvm/versions/node/v19.8.1/lib/node_modules/yarn/lib/cli.js:310:30)
      at /home/soumyarp/.nvm/versions/node/v19.8.1/lib/node_modules/yarn/lib/cli.js:321:13

npm manifest: 
  {
    "name": "root",
    "private": true,
    "workspaces": [
      "common",
      "frontend",
      "backend",
    ],
    "devDependencies": {
      "lerna": "^6.6.1",
      "ts-node": "^10.9.1"
    }
  }

yarn manifest: 
  No manifest

Lockfile: 
  No lockfile
